<?xml version="1.0" encoding="UTF-8"?>
<!-- Generated by org.testng.reporters.JUnitXMLReporter -->
<testsuite ignored="0" hostname="LTIN256092" failures="0" tests="4" name="Test" time="83.143" errors="0" timestamp="2024-04-18T12:16:51 IST">
  <testcase classname="testCases.TC_001_AccountRegistrationTest" name="verify_account_registration" time="5.336"/>
  <testcase classname="testCases.TC_002_LoginTest" name="verify_login" time="3.726"/>
  <testcase classname="testCases.TC_004_SearchProductTest" name="verify_pruductSearch" time="1.937"/>
  <testcase classname="testCases.TC_005_AddToCartPageTest" name="verify_addToCart" time="3.509"/>
</testsuite> <!-- Test -->
